<?xml version="1.0" encoding="UTF-8"?>
<!-- Generated by org.testng.reporters.JUnitReportReporter -->
<testsuite name="com.test.practice.ExtentReportTest" tests="2" time="0.038" ignored="0" failures="0" timestamp="26 Jun 2020 05:37:14 GMT" skipped="0" hostname="Manisha-PC" errors="0">
  <testcase name="Test1" time="0.035" classname="com.test.practice.ExtentReportTest"/>
  <testcase name="Test2" time="0.003" classname="com.test.practice.ExtentReportTest"/>
</testsuite> <!-- com.test.practice.ExtentReportTest -->
