<?xml version="1.0" encoding="UTF-8"?>
<!-- Generated by org.testng.reporters.JUnitReportReporter -->
<testsuite name="com.test.practice.ExecutingParallelTestCases" tests="6" time="0.048" ignored="0" failures="0" timestamp="26 Jun 2020 07:03:25 GMT" skipped="0" hostname="Manisha-PC" errors="0">
  <testcase name="Test1" time="0.002" classname="com.test.practice.ExecutingParallelTestCases"/>
  <testcase name="Test1" time="0.004" classname="com.test.practice.ExecutingParallelTestCases"/>
  <testcase name="Test1" time="0.023" classname="com.test.practice.ExecutingParallelTestCases"/>
  <testcase name="Test1" time="0.003" classname="com.test.practice.ExecutingParallelTestCases"/>
  <testcase name="Test1" time="0.001" classname="com.test.practice.ExecutingParallelTestCases"/>
  <testcase name="Test2" time="0.015" classname="com.test.practice.ExecutingParallelTestCases"/>
</testsuite> <!-- com.test.practice.ExecutingParallelTestCases -->
