<?xml version="1.0" encoding="UTF-8"?>
<!-- Generated by org.testng.reporters.JUnitReportReporter -->
<testsuite name="TestingLoginCredentials.LoginCredentialTest" tests="4" time="0.033" ignored="0" failures="0" timestamp="23 Jun 2020 13:03:41 GMT" skipped="0" hostname="Manisha-PC" errors="0">
  <testcase name="Test1" time="0.002" classname="TestingLoginCredentials.LoginCredentialTest"/>
  <testcase name="Test1" time="0.005" classname="TestingLoginCredentials.LoginCredentialTest"/>
  <testcase name="Test1" time="0.001" classname="TestingLoginCredentials.LoginCredentialTest"/>
  <testcase name="Test1" time="0.025" classname="TestingLoginCredentials.LoginCredentialTest"/>
</testsuite> <!-- TestingLoginCredentials.LoginCredentialTest -->
